{"/app/db.js": {"path":"/app/db.js","statementMap":{"0":{"start":{"line":1,"column":14},"end":{"line":1,"column":31}},"1":{"start":{"line":3,"column":13},"end":{"line":8,"column":2}},"2":{"start":{"line":11,"column":20},"end":{"line":11,"column":34}},"3":{"start":{"line":13,"column":0},"end":{"line":13,"column":29}}},"fnMap":{},"branchMap":{},"s":{"0":1,"1":1,"2":1,"3":1},"f":{},"b":{},"_coverageSchema":"1a1c01bbd47fc00a2c39e90264f33305004495a9","hash":"6f26d80a418bb3377e2a4bae02fe697b522ca79c"}
,"/app/models/plan.js": {"path":"/app/models/plan.js","statementMap":{"0":{"start":{"line":1,"column":11},"end":{"line":1,"column":27}},"1":{"start":{"line":3,"column":0},"end":{"line":11,"column":2}},"2":{"start":{"line":5,"column":20},"end":{"line":7,"column":5}},"3":{"start":{"line":9,"column":4},"end":{"line":9,"column":22}}},"fnMap":{"0":{"name":"(anonymous_0)","decl":{"start":{"line":4,"column":23},"end":{"line":4,"column":24}},"loc":{"start":{"line":4,"column":35},"end":{"line":10,"column":3}},"line":4}},"branchMap":{},"s":{"0":1,"1":1,"2":0,"3":0},"f":{"0":0},"b":{},"_coverageSchema":"1a1c01bbd47fc00a2c39e90264f33305004495a9","hash":"d6962b35d36e50c85bfe8d29f81be60102147879"}
,"/app/services/plan.js": {"path":"/app/services/plan.js","statementMap":{"0":{"start":{"line":1,"column":10},"end":{"line":1,"column":26}},"1":{"start":{"line":2,"column":18},"end":{"line":2,"column":43}},"2":{"start":{"line":4,"column":32},"end":{"line":12,"column":1}},"3":{"start":{"line":5,"column":16},"end":{"line":5,"column":53}},"4":{"start":{"line":6,"column":2},"end":{"line":11,"column":5}},"5":{"start":{"line":7,"column":4},"end":{"line":10,"column":6}},"6":{"start":{"line":14,"column":0},"end":{"line":14,"column":45}}},"fnMap":{"0":{"name":"(anonymous_0)","decl":{"start":{"line":4,"column":32},"end":{"line":4,"column":33}},"loc":{"start":{"line":4,"column":44},"end":{"line":12,"column":1}},"line":4},"1":{"name":"(anonymous_1)","decl":{"start":{"line":6,"column":19},"end":{"line":6,"column":20}},"loc":{"start":{"line":6,"column":31},"end":{"line":11,"column":3}},"line":6}},"branchMap":{},"s":{"0":1,"1":1,"2":1,"3":1,"4":1,"5":2,"6":1},"f":{"0":1,"1":2},"b":{},"_coverageSchema":"1a1c01bbd47fc00a2c39e90264f33305004495a9","hash":"a02f4eddc35d2cc4aadadac58d7db43eac34d46a"}
}
